[ECMWF-INFO -ecprofile] /usr/bin/bash NON_INTERACTIVE on ac6-115 at 20260303_161933.548, PID: 1135396, JOBID: 33785175
[ECMWF-INFO -ecprofile] $SCRATCH=/ec/res4/scratch/nld4814
[ECMWF-INFO -ecprofile] $PERM=/perm/nld4814
[ECMWF-INFO -ecprofile] $HPCPERM=/ec/res4/hpcperm/nld4814
[ECMWF-INFO -ecprofile] $TMPDIR=/etc/ecmwf/ssd/ssd1/tmpdirs/nld4814.33785175
[ECMWF-INFO -ecprofile] $SCRATCHDIR=/ec/res4/scratchdir/nld4814/7/33785175
Traceback (most recent call last):
  File "/home/nld4814/perm/code/IMAU-FDM/research/firn_memory_analysis.py", line 481, in <module>
    create_gridded_firn_memory(
  File "/home/nld4814/perm/code/IMAU-FDM/research/firn_memory_analysis.py", line 309, in create_gridded_firn_memory
    rlat_col = grid.iloc[:, 5].astype(int).values
               ^^^^^^^^^^^^^^^^^^^^^^^^^^^
  File "/usr/local/apps/python3/3.12.11-01/lib/python3.12/site-packages/pandas/core/generic.py", line 6665, in astype
    new_data = self._mgr.astype(dtype=dtype, copy=copy, errors=errors)
               ^^^^^^^^^^^^^^^^^^^^^^^^^^^^^^^^^^^^^^^^^^^^^^^^^^^^^^^
  File "/usr/local/apps/python3/3.12.11-01/lib/python3.12/site-packages/pandas/core/internals/managers.py", line 449, in astype
    return self.apply(
           ^^^^^^^^^^^
  File "/usr/local/apps/python3/3.12.11-01/lib/python3.12/site-packages/pandas/core/internals/managers.py", line 363, in apply
    applied = getattr(b, f)(**kwargs)
              ^^^^^^^^^^^^^^^^^^^^^^^
  File "/usr/local/apps/python3/3.12.11-01/lib/python3.12/site-packages/pandas/core/internals/blocks.py", line 784, in astype
    new_values = astype_array_safe(values, dtype, copy=copy, errors=errors)
                 ^^^^^^^^^^^^^^^^^^^^^^^^^^^^^^^^^^^^^^^^^^^^^^^^^^^^^^^^^^
  File "/usr/local/apps/python3/3.12.11-01/lib/python3.12/site-packages/pandas/core/dtypes/astype.py", line 237, in astype_array_safe
    new_values = astype_array(values, dtype, copy=copy)
                 ^^^^^^^^^^^^^^^^^^^^^^^^^^^^^^^^^^^^^^
  File "/usr/local/apps/python3/3.12.11-01/lib/python3.12/site-packages/pandas/core/dtypes/astype.py", line 182, in astype_array
    values = _astype_nansafe(values, dtype, copy=copy)
             ^^^^^^^^^^^^^^^^^^^^^^^^^^^^^^^^^^^^^^^^^
  File "/usr/local/apps/python3/3.12.11-01/lib/python3.12/site-packages/pandas/core/dtypes/astype.py", line 133, in _astype_nansafe
    return arr.astype(dtype, copy=True)
           ^^^^^^^^^^^^^^^^^^^^^^^^^^^^
ValueError: invalid literal for int() with base 10: '54,'
[ECMWF-INFO -ecepilog] ----------------------------------------------------------------------------------------------------
[ECMWF-INFO -ecepilog] This is the ECMWF job Epilogue
[ECMWF-INFO -ecepilog] +++ Please report issues using the Support portal +++
[ECMWF-INFO -ecepilog] +++ https://support.ecmwf.int                     +++
[ECMWF-INFO -ecepilog] ----------------------------------------------------------------------------------------------------
[ECMWF-INFO -ecepilog] Run at 2026-03-03T16:19:39 on ac
[ECMWF-INFO -ecepilog] JobName                   : firn_memory
[ECMWF-INFO -ecepilog] JobID                     : 33785175
[ECMWF-INFO -ecepilog] Submit                    : 2026-03-03T16:19:22
[ECMWF-INFO -ecepilog] Start                     : 2026-03-03T16:19:25
[ECMWF-INFO -ecepilog] End                       : 2026-03-03T16:19:39
[ECMWF-INFO -ecepilog] QueuedTime                : 3.0
[ECMWF-INFO -ecepilog] ElapsedRaw                : 14
[ECMWF-INFO -ecepilog] ExitCode                  : 1:0
[ECMWF-INFO -ecepilog] DerivedExitCode           : 0:0
[ECMWF-INFO -ecepilog] State                     : FAILED
[ECMWF-INFO -ecepilog] Account                   : spnlberg
[ECMWF-INFO -ecepilog] QOS                       : nf
[ECMWF-INFO -ecepilog] User                      : nld4814
[ECMWF-INFO -ecepilog] StdOut                    : /etc/ecmwf/nfs/dh1_perm_b/nld4814/code/IMAU-FDM/research/logs/firn_memory_33785175.out
[ECMWF-INFO -ecepilog] StdErr                    : /etc/ecmwf/nfs/dh1_perm_b/nld4814/code/IMAU-FDM/research/logs/sufirn_memory_33785175.err
[ECMWF-INFO -ecepilog] NNodes                    : 1
[ECMWF-INFO -ecepilog] NCPUS                     : 2
[ECMWF-INFO -ecepilog] SBU                       : 0.066
[ECMWF-INFO -ecepilog] jobtag                    : nld4814-firn_memory-1x2-/etc/ecmwf/nfs/dh1_perm_b/nld4814/code/IMAU-FDM/research/logs/firn_memory__JOBID_.out
[ECMWF-INFO -ecepilog] ----------------------------------------------------------------------------------------------------

