[ECMWF-INFO -ecprofile] /usr/bin/bash NON_INTERACTIVE on ac6-164 at 20260303_164916.333, PID: 1074456, JOBID: 33794426
[ECMWF-INFO -ecprofile] $SCRATCH=/ec/res4/scratch/nld4814
[ECMWF-INFO -ecprofile] $PERM=/perm/nld4814
[ECMWF-INFO -ecprofile] $HPCPERM=/ec/res4/hpcperm/nld4814
[ECMWF-INFO -ecprofile] $TMPDIR=/etc/ecmwf/ssd/ssd1/tmpdirs/nld4814.33794426
[ECMWF-INFO -ecprofile] $SCRATCHDIR=/ec/res4/scratchdir/nld4814/2/33794426
slurmstepd: error: *** JOB 33794426 ON ac6-164 CANCELLED AT 2026-03-03T21:52:29 ***
[ECMWF-INFO -ecepilog] ----------------------------------------------------------------------------------------------------
[ECMWF-INFO -ecepilog] This is the ECMWF job Epilogue
[ECMWF-INFO -ecepilog] +++ Please report issues using the Support portal +++
[ECMWF-INFO -ecepilog] +++ https://support.ecmwf.int                     +++
[ECMWF-INFO -ecepilog] ----------------------------------------------------------------------------------------------------
[ECMWF-INFO -ecepilog] Run at 2026-03-03T21:52:29 on ac
[ECMWF-INFO -ecepilog] JobName                   : firn_memory
[ECMWF-INFO -ecepilog] JobID                     : 33794426
[ECMWF-INFO -ecepilog] Submit                    : 2026-03-03T16:48:38
[ECMWF-INFO -ecepilog] Start                     : 2026-03-03T16:49:08
[ECMWF-INFO -ecepilog] End                       : 2026-03-03T21:52:29
[ECMWF-INFO -ecepilog] QueuedTime                : 30.0
[ECMWF-INFO -ecepilog] ElapsedRaw                : 18201
[ECMWF-INFO -ecepilog] ExitCode                  : 0:0
[ECMWF-INFO -ecepilog] DerivedExitCode           : 0:0
[ECMWF-INFO -ecepilog] State                     : CANCELLED by 0
[ECMWF-INFO -ecepilog] AdminComment              : cancelled_by_root_TIME_LIMIT
[ECMWF-INFO -ecepilog] Account                   : spnlberg
[ECMWF-INFO -ecepilog] QOS                       : nf
[ECMWF-INFO -ecepilog] User                      : nld4814
[ECMWF-INFO -ecepilog] StdOut                    : /etc/ecmwf/nfs/dh1_perm_b/nld4814/code/IMAU-FDM/research/logs/firn_memory_33794426.out
[ECMWF-INFO -ecepilog] StdErr                    : /etc/ecmwf/nfs/dh1_perm_b/nld4814/code/IMAU-FDM/research/logs/sufirn_memory_33794426.err
[ECMWF-INFO -ecepilog] NNodes                    : 1
[ECMWF-INFO -ecepilog] NCPUS                     : 2
[ECMWF-INFO -ecepilog] SBU                       : 86.271
[ECMWF-INFO -ecepilog] jobtag                    : nld4814-firn_memory-1x2-/etc/ecmwf/nfs/dh1_perm_b/nld4814/code/IMAU-FDM/research/logs/firn_memory__JOBID_.out
[ECMWF-INFO -ecepilog] ----------------------------------------------------------------------------------------------------

