[ECMWF-INFO -ecprofile] /usr/bin/bash NON_INTERACTIVE on ac6-196 at 20260303_213441.152, PID: 2256657, JOBID: 33893627
[ECMWF-INFO -ecprofile] $SCRATCH=/ec/res4/scratch/nld4814
[ECMWF-INFO -ecprofile] $PERM=/perm/nld4814
[ECMWF-INFO -ecprofile] $HPCPERM=/ec/res4/hpcperm/nld4814
[ECMWF-INFO -ecprofile] $TMPDIR=/etc/ecmwf/ssd/ssd1/tmpdirs/nld4814.33893627
[ECMWF-INFO -ecprofile] $SCRATCHDIR=/ec/res4/scratchdir/nld4814/3/33893627
/home/nld4814/perm/code/IMAU-FDM/research/firn_memory_analysis.py:421: RuntimeWarning: Mean of empty slice
  fm_mean      = np.nanmean(fm_out,      axis=0).astype(np.float32)
/usr/local/apps/python3/3.12.11-01/lib/python3.12/site-packages/numpy/lib/_nanfunctions_impl.py:2015: RuntimeWarning: Degrees of freedom <= 0 for slice.
  var = nanvar(a, axis=axis, dtype=dtype, out=out, ddof=ddof,
/home/nld4814/perm/code/IMAU-FDM/research/firn_memory_analysis.py:423: RuntimeWarning: Mean of empty slice
  fm_z830_mean = np.nanmean(fm_z830_out, axis=0).astype(np.float32)
/home/nld4814/perm/code/IMAU-FDM/research/firn_memory_analysis.py:509: DeprecationWarning: datetime.datetime.utcnow() is deprecated and scheduled for removal in a future version. Use timezone-aware objects to represent datetimes in UTC: datetime.datetime.now(datetime.UTC).
  'history'     : f'Created on {datetime.utcnow().isoformat()}',
[ECMWF-INFO -ecepilog] ----------------------------------------------------------------------------------------------------
[ECMWF-INFO -ecepilog] This is the ECMWF job Epilogue
[ECMWF-INFO -ecepilog] +++ Please report issues using the Support portal +++
[ECMWF-INFO -ecepilog] +++ https://support.ecmwf.int                     +++
[ECMWF-INFO -ecepilog] ----------------------------------------------------------------------------------------------------
[ECMWF-INFO -ecepilog] Run at 2026-03-04T00:23:44 on ac
[ECMWF-INFO -ecepilog] JobName                   : firn_memory
[ECMWF-INFO -ecepilog] JobID                     : 33893627
[ECMWF-INFO -ecepilog] Submit                    : 2026-03-03T21:34:24
[ECMWF-INFO -ecepilog] Start                     : 2026-03-03T21:34:32
[ECMWF-INFO -ecepilog] End                       : 2026-03-04T00:23:44
[ECMWF-INFO -ecepilog] QueuedTime                : 8.0
[ECMWF-INFO -ecepilog] ElapsedRaw                : 10152
[ECMWF-INFO -ecepilog] ExitCode                  : 0:0
[ECMWF-INFO -ecepilog] DerivedExitCode           : 0:0
[ECMWF-INFO -ecepilog] State                     : COMPLETED
[ECMWF-INFO -ecepilog] Account                   : spnlberg
[ECMWF-INFO -ecepilog] QOS                       : nf
[ECMWF-INFO -ecepilog] User                      : nld4814
[ECMWF-INFO -ecepilog] StdOut                    : /etc/ecmwf/nfs/dh1_perm_b/nld4814/code/IMAU-FDM/research/logs/firn_memory_33893627.out
[ECMWF-INFO -ecepilog] StdErr                    : /etc/ecmwf/nfs/dh1_perm_b/nld4814/code/IMAU-FDM/research/logs/sufirn_memory_33893627.err
[ECMWF-INFO -ecepilog] NNodes                    : 1
[ECMWF-INFO -ecepilog] NCPUS                     : 6
[ECMWF-INFO -ecepilog] SBU                       : 144.359
[ECMWF-INFO -ecepilog] jobtag                    : nld4814-firn_memory-1x6-/etc/ecmwf/nfs/dh1_perm_b/nld4814/code/IMAU-FDM/research/logs/firn_memory__JOBID_.out
[ECMWF-INFO -ecepilog] ----------------------------------------------------------------------------------------------------

