[ECMWF-INFO -ecprofile] /usr/bin/bash NON_INTERACTIVE on ac6-131 at 20260303_212315.798, PID: 1702508, JOBID: 33890155
[ECMWF-INFO -ecprofile] $SCRATCH=/ec/res4/scratch/nld4814
[ECMWF-INFO -ecprofile] $PERM=/perm/nld4814
[ECMWF-INFO -ecprofile] $HPCPERM=/ec/res4/hpcperm/nld4814
[ECMWF-INFO -ecprofile] $TMPDIR=/etc/ecmwf/ssd/ssd1/tmpdirs/nld4814.33890155
[ECMWF-INFO -ecprofile] $SCRATCHDIR=/ec/res4/scratchdir/nld4814/3/33890155
slurmstepd: error: *** JOB 33890155 ON ac6-131 CANCELLED AT 2026-03-03T21:38:30 ***
[ECMWF-INFO -ecepilog] ----------------------------------------------------------------------------------------------------
[ECMWF-INFO -ecepilog] This is the ECMWF job Epilogue
[ECMWF-INFO -ecepilog] +++ Please report issues using the Support portal +++
[ECMWF-INFO -ecepilog] +++ https://support.ecmwf.int                     +++
[ECMWF-INFO -ecepilog] ----------------------------------------------------------------------------------------------------
[ECMWF-INFO -ecepilog] Run at 2026-03-03T21:38:30 on ac
[ECMWF-INFO -ecepilog] JobName                   : ice_lens
[ECMWF-INFO -ecepilog] JobID                     : 33890155
[ECMWF-INFO -ecepilog] Submit                    : 2026-03-03T21:23:05
[ECMWF-INFO -ecepilog] Start                     : 2026-03-03T21:23:07
[ECMWF-INFO -ecepilog] End                       : 2026-03-03T21:38:30
[ECMWF-INFO -ecepilog] QueuedTime                : 2.0
[ECMWF-INFO -ecepilog] ElapsedRaw                : 923
[ECMWF-INFO -ecepilog] ExitCode                  : 0:0
[ECMWF-INFO -ecepilog] DerivedExitCode           : 0:0
[ECMWF-INFO -ecepilog] State                     : CANCELLED by 26513
[ECMWF-INFO -ecepilog] Account                   : spnlberg
[ECMWF-INFO -ecepilog] QOS                       : nf
[ECMWF-INFO -ecepilog] User                      : nld4814
[ECMWF-INFO -ecepilog] StdOut                    : /etc/ecmwf/nfs/dh1_perm_b/nld4814/code/IMAU-FDM/research/logs/ice_lens_33890155.out
[ECMWF-INFO -ecepilog] StdErr                    : /etc/ecmwf/nfs/dh1_perm_b/nld4814/code/IMAU-FDM/research/logs/suice_lens_33890155.err
[ECMWF-INFO -ecepilog] NNodes                    : 1
[ECMWF-INFO -ecepilog] NCPUS                     : 2
[ECMWF-INFO -ecepilog] SBU                       : 4.375
[ECMWF-INFO -ecepilog] jobtag                    : nld4814-ice_lens-1x2-/etc/ecmwf/nfs/dh1_perm_b/nld4814/code/IMAU-FDM/research/logs/ice_lens__JOBID_.out
[ECMWF-INFO -ecepilog] ----------------------------------------------------------------------------------------------------

