[ECMWF-INFO -ecprofile] /usr/bin/bash NON_INTERACTIVE on ac6-121 at 20260504_093014.685, PID: 282031, JOBID: 37005349
[ECMWF-INFO -ecprofile] $SCRATCH=/ec/res4/scratch/nld4814
[ECMWF-INFO -ecprofile] $PERM=/perm/nld4814
[ECMWF-INFO -ecprofile] $HPCPERM=/ec/res4/hpcperm/nld4814
[ECMWF-INFO -ecprofile] $TMPDIR=/etc/ecmwf/ssd/ssd1/tmpdirs/nld4814.37005349
[ECMWF-INFO -ecprofile] $SCRATCHDIR=/ec/res4/scratchdir/nld4814/5/37005349
slurmstepd: error: *** JOB 37005349 ON ac6-121 CANCELLED AT 2026-05-04T09:35:11 ***
[ECMWF-INFO -ecepilog] ----------------------------------------------------------------------------------------------------
[ECMWF-INFO -ecepilog] This is the ECMWF job Epilogue
[ECMWF-INFO -ecepilog] +++ Please report issues using the Support portal +++
[ECMWF-INFO -ecepilog] +++ https://support.ecmwf.int                     +++
[ECMWF-INFO -ecepilog] ----------------------------------------------------------------------------------------------------
[ECMWF-INFO -ecepilog] Run at 2026-05-04T09:35:11 on ac
[ECMWF-INFO -ecepilog] JobName                   : fdm_1d_files
[ECMWF-INFO -ecepilog] JobID                     : 37005349
[ECMWF-INFO -ecepilog] Submit                    : 2026-05-04T09:29:49
[ECMWF-INFO -ecepilog] Start                     : 2026-05-04T09:30:03
[ECMWF-INFO -ecepilog] End                       : 2026-05-04T09:35:11
[ECMWF-INFO -ecepilog] QueuedTime                : 14.0
[ECMWF-INFO -ecepilog] ElapsedRaw                : 308
[ECMWF-INFO -ecepilog] ExitCode                  : 0:0
[ECMWF-INFO -ecepilog] DerivedExitCode           : 0:0
[ECMWF-INFO -ecepilog] State                     : CANCELLED by 0
[ECMWF-INFO -ecepilog] AdminComment              : cancelled_by_root_TIME_LIMIT
[ECMWF-INFO -ecepilog] Account                   : spnlberg
[ECMWF-INFO -ecepilog] QOS                       : nf
[ECMWF-INFO -ecepilog] User                      : nld4814
[ECMWF-INFO -ecepilog] StdOut                    : /etc/ecmwf/nfs/dh1_perm_b/nld4814/code/IMAU-FDM/post-process/create_1D_2D_2Ddetail_files/logs/slurm-37005349.out
[ECMWF-INFO -ecepilog] StdErr                    : /etc/ecmwf/nfs/dh1_perm_b/nld4814/code/IMAU-FDM/post-process/create_1D_2D_2Ddetail_files/logs/slurm-37005349.err
[ECMWF-INFO -ecepilog] NNodes                    : 1
[ECMWF-INFO -ecepilog] NCPUS                     : 32
[ECMWF-INFO -ecepilog] SBU                       : 23.358
[ECMWF-INFO -ecepilog] jobtag                    : nld4814-fdm_1d_files-1x32-/etc/ecmwf/nfs/dh1_perm_b/nld4814/code/IMAU-FDM/post-process/create_1D_2D_2Ddetail_files/logs/slurm-_JOBID_.out
[ECMWF-INFO -ecepilog] ----------------------------------------------------------------------------------------------------

