[ECMWF-INFO -ecprofile] /usr/bin/bash NON_INTERACTIVE on ac6-156 at 20260521_102658.610, PID: 847647, JOBID: 35490103
[ECMWF-INFO -ecprofile] $SCRATCH=/ec/res4/scratch/nld4814
[ECMWF-INFO -ecprofile] $PERM=/perm/nld4814
[ECMWF-INFO -ecprofile] $HPCPERM=/ec/res4/hpcperm/nld4814
[ECMWF-INFO -ecprofile] $TMPDIR=/etc/ecmwf/ssd/ssd1/tmpdirs/nld4814.35490103
[ECMWF-INFO -ecprofile] $SCRATCHDIR=/ec/res4/scratchdir/nld4814/7/35490103
[ECMWF-INFO -ecepilog] ----------------------------------------------------------------------------------------------------
[ECMWF-INFO -ecepilog] This is the ECMWF job Epilogue
[ECMWF-INFO -ecepilog] +++ Please report issues using the Support portal +++
[ECMWF-INFO -ecepilog] +++ https://support.ecmwf.int                     +++
[ECMWF-INFO -ecepilog] ----------------------------------------------------------------------------------------------------
[ECMWF-INFO -ecepilog] Run at 2026-05-21T10:58:17 on ac
[ECMWF-INFO -ecepilog] JobName                   : fdm_FirnAir_monthly
[ECMWF-INFO -ecepilog] JobID                     : 35490103
[ECMWF-INFO -ecepilog] Submit                    : 2026-05-21T10:26:32
[ECMWF-INFO -ecepilog] Start                     : 2026-05-21T10:26:46
[ECMWF-INFO -ecepilog] End                       : 2026-05-21T10:58:17
[ECMWF-INFO -ecepilog] QueuedTime                : 14.0
[ECMWF-INFO -ecepilog] ElapsedRaw                : 1891
[ECMWF-INFO -ecepilog] ExitCode                  : 0:0
[ECMWF-INFO -ecepilog] DerivedExitCode           : 0:0
[ECMWF-INFO -ecepilog] State                     : COMPLETED
[ECMWF-INFO -ecepilog] Account                   : spnlberg
[ECMWF-INFO -ecepilog] QOS                       : nf
[ECMWF-INFO -ecepilog] User                      : nld4814
[ECMWF-INFO -ecepilog] StdOut                    : /etc/ecmwf/nfs/dh1_perm_b/nld4814/code/IMAU-FDM/post-process/create_1D_2D_2Ddetail_files/logs/slurm-35490103.out
[ECMWF-INFO -ecepilog] StdErr                    : /etc/ecmwf/nfs/dh1_perm_b/nld4814/code/IMAU-FDM/post-process/create_1D_2D_2Ddetail_files/logs/slurm-35490103.err
[ECMWF-INFO -ecepilog] NNodes                    : 1
[ECMWF-INFO -ecepilog] NCPUS                     : 16
[ECMWF-INFO -ecepilog] SBU                       : 71.705
[ECMWF-INFO -ecepilog] jobtag                    : nld4814-fdm_FirnAir_monthly-1x16-/etc/ecmwf/nfs/dh1_perm_b/nld4814/code/IMAU-FDM/post-process/create_1D_2D_2Ddetail_files/logs/slurm-_JOBID_.out
[ECMWF-INFO -ecepilog] ----------------------------------------------------------------------------------------------------

