[ECMWF-INFO -ecepilog] ----------------------------------------------------------------------------------------------------
[ECMWF-INFO -ecepilog] This is the ECMWF job Epilogue
[ECMWF-INFO -ecepilog] +++ Please report issues using the Support portal +++
[ECMWF-INFO -ecepilog] +++ https://support.ecmwf.int                     +++
[ECMWF-INFO -ecepilog] ----------------------------------------------------------------------------------------------------
[ECMWF-INFO -ecepilog] Run at 2026-03-25T14:45:23 on ac
[ECMWF-INFO -ecepilog] JobName                   : racmo_monthly
[ECMWF-INFO -ecepilog] JobID                     : 33044677_0
[ECMWF-INFO -ecepilog] Submit                    : 2026-03-25T13:09:13
[ECMWF-INFO -ecepilog] Start                     : 2026-03-25T13:09:19
[ECMWF-INFO -ecepilog] End                       : 2026-03-25T14:45:23
[ECMWF-INFO -ecepilog] QueuedTime                : 1.0
[ECMWF-INFO -ecepilog] ElapsedRaw                : 5764
[ECMWF-INFO -ecepilog] ExitCode                  : 0:0
[ECMWF-INFO -ecepilog] DerivedExitCode           : 0:0
[ECMWF-INFO -ecepilog] State                     : RUNNING
[ECMWF-INFO -ecepilog] Account                   : spnlberg
[ECMWF-INFO -ecepilog] QOS                       : nf
[ECMWF-INFO -ecepilog] User                      : nld4814
[ECMWF-INFO -ecepilog] StdOut                    : /etc/ecmwf/nfs/dh1_perm_b/nld4814/code/IMAU-FDM/research/RACMO_climate/logs/racmo_monthly_%a_33044677_0.out
[ECMWF-INFO -ecepilog] StdErr                    : /etc/ecmwf/nfs/dh1_perm_b/nld4814/code/IMAU-FDM/research/RACMO_climate/logs/racmo_monthly_%a_33044677_0.err
[ECMWF-INFO -ecepilog] NNodes                    : 1
[ECMWF-INFO -ecepilog] NCPUS                     : 2
[ECMWF-INFO -ecepilog] SBU                       : 27.321
[ECMWF-INFO -ecepilog] jobtag                    : nld4814-racmo_monthly-1x2-/etc/ecmwf/nfs/dh1_perm_b/nld4814/code/IMAU-FDM/research/RACMO_climate/logs/racmo_monthly____JOBID__0.out
[ECMWF-INFO -ecepilog] ----------------------------------------------------------------------------------------------------

[ECMWF-INFO -ecepilog] ----------------------------------------------------------------------------------------------------
[ECMWF-INFO -ecepilog] This is the ECMWF job Epilogue
[ECMWF-INFO -ecepilog] +++ Please report issues using the Support portal +++
[ECMWF-INFO -ecepilog] +++ https://support.ecmwf.int                     +++
[ECMWF-INFO -ecepilog] ----------------------------------------------------------------------------------------------------
[ECMWF-INFO -ecepilog] Run at 2026-03-25T14:46:39 on ac
[ECMWF-INFO -ecepilog] JobName                   : racmo_monthly
[ECMWF-INFO -ecepilog] JobID                     : 33044677_0
[ECMWF-INFO -ecepilog] Submit                    : 2026-03-25T13:09:13
[ECMWF-INFO -ecepilog] Start                     : 2026-03-25T13:09:19
[ECMWF-INFO -ecepilog] End                       : 2026-03-25T14:46:39
[ECMWF-INFO -ecepilog] QueuedTime                : 1.0
[ECMWF-INFO -ecepilog] ElapsedRaw                : 5840
[ECMWF-INFO -ecepilog] ExitCode                  : 0:0
[ECMWF-INFO -ecepilog] DerivedExitCode           : 0:0
[ECMWF-INFO -ecepilog] State                     : COMPLETED
[ECMWF-INFO -ecepilog] Account                   : spnlberg
[ECMWF-INFO -ecepilog] QOS                       : nf
[ECMWF-INFO -ecepilog] User                      : nld4814
[ECMWF-INFO -ecepilog] StdOut                    : /etc/ecmwf/nfs/dh1_perm_b/nld4814/code/IMAU-FDM/research/RACMO_climate/logs/racmo_monthly_%a_33044677_0.out
[ECMWF-INFO -ecepilog] StdErr                    : /etc/ecmwf/nfs/dh1_perm_b/nld4814/code/IMAU-FDM/research/RACMO_climate/logs/racmo_monthly_%a_33044677_0.err
[ECMWF-INFO -ecepilog] NNodes                    : 1
[ECMWF-INFO -ecepilog] NCPUS                     : 2
[ECMWF-INFO -ecepilog] SBU                       : 27.681
[ECMWF-INFO -ecepilog] jobtag                    : nld4814-racmo_monthly-1x2-/etc/ecmwf/nfs/dh1_perm_b/nld4814/code/IMAU-FDM/research/RACMO_climate/logs/racmo_monthly____JOBID__0.out
[ECMWF-INFO -ecepilog] ----------------------------------------------------------------------------------------------------

